-------------------------------------------------------------------------------
Test set: smile.DecisionTreeClassificationTest
-------------------------------------------------------------------------------
Tests run: 2, Failures: 0, Errors: 2, Skipped: 0, Time elapsed: 0.041 s <<< FAILURE! -- in smile.DecisionTreeClassificationTest
smile.DecisionTreeClassificationTest.readData -- Time elapsed: 0.037 s <<< ERROR!
java.lang.NoClassDefFoundError: org/apache/commons/io/input/UnsynchronizedBufferedReader
	at java.base/java.lang.ClassLoader.defineClass1(Native Method)
	at java.base/java.lang.ClassLoader.defineClass(ClassLoader.java:974)
	at java.base/java.security.SecureClassLoader.defineClass(SecureClassLoader.java:145)
	at java.base/jdk.internal.loader.BuiltinClassLoader.defineClass(BuiltinClassLoader.java:776)
	at java.base/jdk.internal.loader.BuiltinClassLoader.findClassOnClassPathOrNull(BuiltinClassLoader.java:691)
	at java.base/jdk.internal.loader.BuiltinClassLoader.loadClassOrNull(BuiltinClassLoader.java:620)
	at java.base/jdk.internal.loader.BuiltinClassLoader.loadClass(BuiltinClassLoader.java:578)
	at java.base/java.lang.ClassLoader.loadClass(ClassLoader.java:502)
	at org.apache.commons.csv.CSVParser.<init>(CSVParser.java:561)
	at org.apache.commons.csv.CSVParser.<init>(CSVParser.java:147)
	at org.apache.commons.csv.CSVParser$Builder.get(CSVParser.java:171)
	at org.apache.commons.csv.CSVParser.parse(CSVParser.java:397)
	at smile.io.CSV.inferSchema(CSV.java:222)
	at smile.io.CSV.read(CSV.java:115)
	at smile.io.CSV.read(CSV.java:101)
	at smile.io.Read.csv(Read.java:206)
	at smile.io.Read.csv(Read.java:191)
	at smile.DecisionTreeClassification.loadFile(DecisionTreeClassification.java:34)
	at smile.DecisionTreeClassificationTest.readData(DecisionTreeTest.java:66)
	at java.base/java.lang.reflect.Method.invoke(Method.java:565)
	at java.base/java.util.ArrayList.forEach(ArrayList.java:1612)
	at java.base/java.util.ArrayList.forEach(ArrayList.java:1612)
Caused by: java.lang.ClassNotFoundException: org.apache.commons.io.input.UnsynchronizedBufferedReader
	at java.base/jdk.internal.loader.BuiltinClassLoader.loadClass(BuiltinClassLoader.java:580)
	at java.base/java.lang.ClassLoader.loadClass(ClassLoader.java:502)
	... 22 more

smile.DecisionTreeClassificationTest.testVerifyLoadFile -- Time elapsed: 0.002 s <<< ERROR!
java.lang.NoClassDefFoundError: org/apache/commons/io/input/UnsynchronizedBufferedReader
	at org.apache.commons.csv.CSVParser.<init>(CSVParser.java:561)
	at org.apache.commons.csv.CSVParser.<init>(CSVParser.java:147)
	at org.apache.commons.csv.CSVParser$Builder.get(CSVParser.java:171)
	at org.apache.commons.csv.CSVParser.parse(CSVParser.java:397)
	at smile.io.CSV.inferSchema(CSV.java:222)
	at smile.io.CSV.read(CSV.java:115)
	at smile.io.CSV.read(CSV.java:101)
	at smile.io.Read.csv(Read.java:206)
	at smile.io.Read.csv(Read.java:191)
	at smile.DecisionTreeClassification.loadFile(DecisionTreeClassification.java:34)
	at smile.DecisionTreeClassificationTest.testVerifyLoadFile(DecisionTreeTest.java:59)
	at java.base/java.lang.reflect.Method.invoke(Method.java:565)
	at java.base/java.util.ArrayList.forEach(ArrayList.java:1612)
	at java.base/java.util.ArrayList.forEach(ArrayList.java:1612)
Caused by: java.lang.ClassNotFoundException: org.apache.commons.io.input.UnsynchronizedBufferedReader
	... 14 more

