<?xml version="1.0" encoding="UTF-8"?>
<testsuite xmlns:xsi="http://www.w3.org/2001/XMLSchema-instance" xsi:noNamespaceSchemaLocation="https://maven.apache.org/surefire/maven-surefire-plugin/xsd/surefire-test-report-3.0.xsd" version="3.0" name="polymorphismTest.TestBook" time="0.125" tests="4" errors="0" skipped="0" failures="0">
  <properties>
[...]
</properties>
  <testcase name="testExtractListBooks" classname="polymorphismTest.TestBook" time="0.066"/>
  <testcase name="testExtractListBookNotFullEmpty" classname="polymorphismTest.TestBook" time="0.003"/>
  <testcase name="testExtractBookTitleNull" classname="polymorphismTest.TestBook" time="0.004"/>
  <testcase name="testExtractListBookEmpty" classname="polymorphismTest.TestBook" time="0.002"/>
</testsuite>